0 info it worked if it ends with ok
1 verbose cli [ '/Users/sgold/.nvm/versions/node/v7.2.0/bin/node',
1 verbose cli   '/Users/sgold/.nvm/versions/node/v7.2.0/bin/npm',
1 verbose cli   'start' ]
2 info using npm@3.10.9
3 info using node@v7.2.0
4 verbose run-script [ 'prestart', 'start', 'poststart' ]
5 info lifecycle ratemystav@0.0.0~prestart: ratemystav@0.0.0
6 silly lifecycle ratemystav@0.0.0~prestart: no script for prestart, continuing
7 info lifecycle ratemystav@0.0.0~start: ratemystav@0.0.0
8 verbose lifecycle ratemystav@0.0.0~start: unsafe-perm in lifecycle true
9 verbose lifecycle ratemystav@0.0.0~start: PATH: /Users/sgold/.nvm/versions/node/v7.2.0/lib/node_modules/npm/bin/node-gyp-bin:/Users/sgold/Documents/RateMyStav/node_modules/.bin:/opt/local/bin:/opt/local/sbin:/Users/sgold/.nvm/versions/node/v7.2.0/bin:/Users/sgold/.sdkman/candidates/gradle/current/bin:/usr/bin:/bin:/usr/sbin:/sbin:/usr/local/bin:/Library/TeX/texbin:/Users/sgold:/Library/PostgreSQL/9.5/bin:/usr/local/apache-maven-3.3.9/bin
10 verbose lifecycle ratemystav@0.0.0~start: CWD: /Users/sgold/Documents/RateMyStav
11 silly lifecycle ratemystav@0.0.0~start: Args: [ '-c', 'node ./bin/www' ]
12 silly lifecycle ratemystav@0.0.0~start: Returned: code: 1  signal: null
13 info lifecycle ratemystav@0.0.0~start: Failed to exec start script
14 verbose stack Error: ratemystav@0.0.0 start: `node ./bin/www`
14 verbose stack Exit status 1
14 verbose stack     at EventEmitter.<anonymous> (/Users/sgold/.nvm/versions/node/v7.2.0/lib/node_modules/npm/lib/utils/lifecycle.js:255:16)
14 verbose stack     at emitTwo (events.js:106:13)
14 verbose stack     at EventEmitter.emit (events.js:191:7)
14 verbose stack     at ChildProcess.<anonymous> (/Users/sgold/.nvm/versions/node/v7.2.0/lib/node_modules/npm/lib/utils/spawn.js:40:14)
14 verbose stack     at emitTwo (events.js:106:13)
14 verbose stack     at ChildProcess.emit (events.js:191:7)
14 verbose stack     at maybeClose (internal/child_process.js:885:16)
14 verbose stack     at Process.ChildProcess._handle.onexit (internal/child_process.js:226:5)
15 verbose pkgid ratemystav@0.0.0
16 verbose cwd /Users/sgold/Documents/RateMyStav
17 error Darwin 15.4.0
18 error argv "/Users/sgold/.nvm/versions/node/v7.2.0/bin/node" "/Users/sgold/.nvm/versions/node/v7.2.0/bin/npm" "start"
19 error node v7.2.0
20 error npm  v3.10.9
21 error code ELIFECYCLE
22 error ratemystav@0.0.0 start: `node ./bin/www`
22 error Exit status 1
23 error Failed at the ratemystav@0.0.0 start script 'node ./bin/www'.
23 error Make sure you have the latest version of node.js and npm installed.
23 error If you do, this is most likely a problem with the ratemystav package,
23 error not with npm itself.
23 error Tell the author that this fails on your system:
23 error     node ./bin/www
23 error You can get information on how to open an issue for this project with:
23 error     npm bugs ratemystav
23 error Or if that isn't available, you can get their info via:
23 error     npm owner ls ratemystav
23 error There is likely additional logging output above.
24 verbose exit [ 1, true ]
